mai. 20, 2025 12:29:45 AM liquibase.changelog
INFO: Reading resource: db/changelog/migrations/db.changelog-202505181011.sql
mai. 20, 2025 12:29:45 AM liquibase.changelog
INFO: Reading resource: db/changelog/migrations/db.changelog-202505181035.sql
mai. 20, 2025 12:29:45 AM liquibase.changelog
INFO: Reading resource: db/changelog/migrations/db.changelog-202505181045.sql
mai. 20, 2025 12:29:45 AM liquibase.changelog
INFO: Reading resource: db/changelog/migrations/db.changelog-202505181048.sql
mai. 20, 2025 12:29:45 AM liquibase.changelog
INFO: Reading resource: db/changelog/migrations/db.changelog-202505200024.sql
mai. 20, 2025 12:29:45 AM liquibase.changelog
INFO: Reading from board.databasechangelog
mai. 20, 2025 12:29:45 AM liquibase.lockservice
INFO: Successfully acquired change log lock
mai. 20, 2025 12:29:45 AM liquibase.command
INFO: Using deploymentId: 7711785926
mai. 20, 2025 12:29:45 AM liquibase.changelog
INFO: Reading from board.databasechangelog
Running Changeset: db/changelog/migrations/db.changelog-202505200024.sql::202505200024::rodrigo
mai. 20, 2025 12:29:48 AM liquibase.changelog
INFO: Custom SQL executed
mai. 20, 2025 12:29:48 AM liquibase.changelog
INFO: ChangeSet db/changelog/migrations/db.changelog-202505200024.sql::202505200024::rodrigo ran successfully in 2538ms

UPDATE SUMMARY
Run:                          1
Previously run:               4
Filtered out:                 0
-------------------------------
Total change sets:            5

mai. 20, 2025 12:29:48 AM liquibase.util
INFO: UPDATE SUMMARY
mai. 20, 2025 12:29:48 AM liquibase.util
INFO: Run:                          1
mai. 20, 2025 12:29:48 AM liquibase.util
INFO: Previously run:               4
mai. 20, 2025 12:29:48 AM liquibase.util
INFO: Filtered out:                 0
mai. 20, 2025 12:29:48 AM liquibase.util
INFO: -------------------------------
mai. 20, 2025 12:29:48 AM liquibase.util
INFO: Total change sets:            5
mai. 20, 2025 12:29:48 AM liquibase.util
INFO: Update summary generated
mai. 20, 2025 12:29:48 AM liquibase.command
INFO: Update command completed successfully.
Liquibase: Update has been successful. Rows affected: 1
mai. 20, 2025 12:29:48 AM liquibase.lockservice
INFO: Successfully released change log lock
mai. 20, 2025 12:29:48 AM liquibase.command
INFO: Command execution complete
